<?xml version="1.0" encoding="UTF-8"?>
<!-- Generated by org.testng.reporters.JUnitReportReporter -->
<testsuite hostname="CHIadey130519" name="com.selenium.automationframework.TestNG" tests="1" failures="0" timestamp="9 Mar 2016 21:53:39 GMT" time="11.787" errors="0">
  <testcase name="main" time="11.787" classname="com.selenium.automationframework.TestNG"/>
</testsuite> <!-- com.selenium.automationframework.TestNG -->
