<?xml version="1.0" encoding="UTF-8"?>
<!-- Generated by org.testng.reporters.JUnitReportReporter -->
<testsuite hostname="CHIadey130519" name="com.selenium.automationframework.MultiBrowser" tests="2" failures="0" timestamp="9 Mar 2016 22:04:18 GMT" time="25.179" errors="0">
  <testcase name="login" time="11.181" classname="com.selenium.automationframework.MultiBrowser"/>
  <testcase name="login" time="13.998" classname="com.selenium.automationframework.MultiBrowser"/>
</testsuite> <!-- com.selenium.automationframework.MultiBrowser -->
